2023-10-11 10:48:24 [main] TRACE Ya esta creado
2023-10-11 10:49:24 [main] TRACE Ya esta creado
2023-10-11 10:54:38 [main] TRACE Ya esta creado
2023-10-11 10:57:41 [main] TRACE Ya esta creado
2023-10-11 10:58:36 [main] TRACE Ya esta creado
2023-10-11 11:01:05 [main] TRACE Ya esta creado
2023-10-11 11:02:46 [main] TRACE Ya esta creado
2023-10-11 11:03:14 [main] TRACE Ya esta creado
2023-10-11 11:04:00 [main] TRACE Ya esta creado
2023-10-11 11:04:07 [main] TRACE Ya esta creado
2023-10-11 11:04:38 [main] TRACE Ya esta creado
2023-10-11 11:09:23 [main] TRACE Ya esta creado
2023-10-11 11:09:44 [main] TRACE Ya esta creado
2023-10-11 11:11:37 [main] TRACE Ya esta creado
2023-10-11 11:13:02 [main] TRACE Ya esta creado
2023-10-11 11:15:00 [main] TRACE Ya esta creado
2023-10-11 11:15:34 [main] TRACE Ya esta creado
2023-10-11 11:17:23 [main] TRACE Ya esta creado
2023-10-11 11:17:51 [main] TRACE Ya esta creado
2023-10-11 11:18:22 [main] TRACE Ya esta creado
2023-10-11 11:21:02 [main] TRACE Ya esta creado
2023-10-11 11:21:38 [main] TRACE Ya esta creado
2023-10-11 11:36:07 [main] TRACE Ya esta creado
2023-10-11 11:36:46 [main] TRACE Ya esta creado
2023-10-11 11:41:41 [main] TRACE Ya esta creado
2023-10-11 11:44:33 [main] TRACE Ya esta creado
2023-10-11 11:46:05 [main] TRACE Ya esta creado
2023-10-11 11:46:42 [main] TRACE Ya esta creado
2023-10-11 11:48:17 [main] TRACE Ya esta creado
2023-10-11 11:48:33 [main] TRACE Ya esta creado
2023-10-11 11:51:21 [main] TRACE Ya esta creado
2023-10-11 11:55:23 [main] TRACE Ya esta creado
2023-10-11 11:55:40 [main] TRACE Ya esta creado
2023-10-11 11:56:00 [main] TRACE Ya esta creado
2023-10-11 12:07:57 [main] TRACE Ya esta creado
2023-10-11 12:09:32 [main] TRACE Ya esta creado
2023-10-11 12:10:01 [main] TRACE Ya esta creado
2023-10-11 12:10:44 [main] TRACE Ya esta creado
2023-10-11 12:11:03 [main] TRACE Ya esta creado
2023-10-11 12:11:32 [main] TRACE Ya esta creado
2023-10-11 12:15:31 [main] TRACE Ya esta creado
2023-10-11 12:15:52 [main] TRACE Ya esta creado
2023-10-11 12:44:24 [main] TRACE Ya esta creado
2023-10-11 12:46:46 [main] TRACE Ya esta creado
2023-10-11 12:47:40 [main] TRACE Ya esta creado
2023-10-11 13:19:29 [main] TRACE Ya esta creado
2023-10-11 13:20:46 [main] TRACE Ya esta creado
2023-10-16 13:54:28 [main] INFO  Objeto Planeta agregado con éxito en el archivo .\archivos\planetasPropiedades\1_Mercurio.bin
2023-10-16 13:54:28 [main] INFO  Objeto Planeta agregado con éxito en el archivo .\archivos\planetasPropiedades\2_Venus.bin
2023-10-16 13:54:28 [main] INFO  Objeto Planeta agregado con éxito en el archivo .\archivos\planetasPropiedades\3_Tierra.bin
2023-10-16 13:54:29 [main] INFO  Objeto Planeta agregado con éxito en el archivo .\archivos\planetasPropiedades\4_Marte.bin
2023-10-16 13:54:29 [main] INFO  Objeto Planeta agregado con éxito en el archivo .\archivos\planetasPropiedades\5_Júpiter.bin
2023-10-16 13:54:29 [main] INFO  Objeto Planeta agregado con éxito en el archivo .\archivos\planetasPropiedades\6_Saturno.bin
2023-10-16 13:54:29 [main] INFO  Objeto Planeta agregado con éxito en el archivo .\archivos\planetasPropiedades\7_Urano.bin
2023-10-16 13:54:29 [main] INFO  Objeto Planeta agregado con éxito en el archivo .\archivos\planetasPropiedades\8_Neptuno.bin
2023-10-16 13:54:29 [main] INFO  Leyendo 1_Mercurio.bin: Planeta --> idPlaneta=1, nombre=Mercurio, distanciaSolar=0.39, radio=2439.7, vida=false
2023-10-16 13:54:29 [main] INFO  Leyendo 2_Venus.bin: Planeta --> idPlaneta=2, nombre=Venus, distanciaSolar=0.72, radio=6051.8, vida=false
2023-10-16 13:54:29 [main] INFO  Leyendo 3_Tierra.bin: Planeta --> idPlaneta=3, nombre=Tierra, distanciaSolar=1.0, radio=6371.0, vida=true
2023-10-16 13:54:29 [main] INFO  Leyendo 4_Marte.bin: Planeta --> idPlaneta=4, nombre=Marte, distanciaSolar=1.52, radio=3389.5, vida=false
2023-10-16 13:54:29 [main] INFO  Leyendo 5_Júpiter.bin: Planeta --> idPlaneta=5, nombre=Júpiter, distanciaSolar=5.2, radio=69911.0, vida=false
2023-10-16 13:54:29 [main] INFO  Leyendo 6_Saturno.bin: Planeta --> idPlaneta=6, nombre=Saturno, distanciaSolar=9.58, radio=58232.0, vida=false
2023-10-16 13:54:29 [main] INFO  Leyendo 7_Urano.bin: Planeta --> idPlaneta=7, nombre=Urano, distanciaSolar=19.22, radio=25362.0, vida=false
2023-10-16 13:54:29 [main] INFO  Leyendo 8_Neptuno.bin: Planeta --> idPlaneta=8, nombre=Neptuno, distanciaSolar=30.05, radio=24622.0, vida=false
2023-10-16 13:54:29 [main] INFO  Leyendo 1_Mercurio.bin: Planeta --> idPlaneta=1, nombre=Mercurio, distanciaSolar=0.39, radio=2439.7, vida=false
